<?xml version="1.0" encoding="UTF-8"?>
<!-- Generated by org.testng.reporters.JUnitReportReporter -->
<testsuite hostname="DESKTOP-6P33TNT" failures="0" tests="1" name="com.example.AppTest" time="84.281" errors="0" timestamp="2024-05-02T11:33:17 IST" skipped="0">
  <testcase classname="com.example.AppTest" name="sample" time="84.281"/>
</testsuite> <!-- com.example.AppTest -->
